Arguments: 
  /usr/local/Cellar/node/7.0.0/bin/node /usr/local/bin/yarn

PATH: 
  /Users/tqcenglish/.swiftenv/shims:$PATH:/etc/ppp:/Users/tqcenglish/App/bin:/Users/tqcenglish/.pyenv/shims:/Users/tqcenglish/.pyenv/bin:./node_modules/.bin:/usr/local/bin:/usr/bin:/bin:/usr/sbin:/sbin:/opt/X11/bin:/opt/nginx/sbin:/Users/tqcenglish/.rvm/bin:/Users/tqcenglish/App/go_appengine:/Users/tqcenglish/Library/Android/sdk/tools:/Users/tqcenglish/Library/Android/sdk/platform-tools:/Users/tqcenglish/App/GoPath/bin:/usr/local/sbin

Yarn version: 
  0.16.1

Node version: 
  7.0.0

Platform: 
  darwin x64

npm manifest: 
  {
    "name": "hexo-site",
    "version": "0.0.0",
    "private": true,
    "hexo": {
      "version": "3.2.0"
    },
    "dependencies": {
      "hexo": "^3.1.0",
      "hexo-deployer-git": "^0.1.0",
      "hexo-generator-archive": "^0.1.2",
      "hexo-generator-category": "^0.1.2",
      "hexo-generator-index": "^0.2.0",
      "hexo-generator-tag": "^0.2.0",
      "hexo-migrator-rss": "^0.1.2",
      "hexo-renderer-ejs": "^0.2.0",
      "hexo-renderer-jade": "^0.3.0",
      "hexo-renderer-less": "^0.1.3",
      "hexo-renderer-marked": "^0.2.4",
      "hexo-renderer-stylus": "^0.3.0",
      "hexo-server": "^0.2.0"
    }
  }

yarn manifest: 
  No manifest

bower manifest: 
  No manifest

Lockfile: 
  No lockfile

Trace: 
  Error: 140735701873600:error:1408F119:SSL routines:SSL3_GET_RECORD:decryption failed or bad record mac:../deps/openssl/openssl/ssl/s3_pkt.c:532:
